<?xml version="1.0" encoding="utf-8"?>
<TestRun id="f6415c6f-2f64-4dae-a107-ed67b4dcafc0" name="@556873b5300c 2026-02-16 18:04:55" xmlns="http://microsoft.com/schemas/VisualStudio/TeamTest/2010">
  <Times creation="2026-02-16T18:04:55.4483737+00:00" queuing="2026-02-16T18:04:55.4483738+00:00" start="2026-02-16T18:04:46.9774029+00:00" finish="2026-02-16T18:04:55.4566959+00:00" />
  <TestSettings name="default" id="c830f9a1-7bd9-4c57-bb18-38b953205e86">
    <Deployment runDeploymentRoot="_556873b5300c_2026-02-16_18_04_55" />
  </TestSettings>
  <Results>
    <UnitTestResult executionId="19909cd4-ff1f-4549-a2b1-30ef4b0b7793" testId="0fed87c1-de5a-6bff-1c81-09cfcb0960db" testName="CanNavigateToLoginPage_WhenRealBrowserModeEnabled" computerName="556873b5300c" duration="00:00:07.7295690" startTime="2026-02-16T18:04:47.5969844+00:00" endTime="2026-02-16T18:04:55.3264783+00:00" testType="13cdc9d9-ddb5-4fa4-a97d-d965ccfc6d4b" outcome="Failed" testListId="8c84fa94-04c1-424b-9868-57a2d4851a1d" relativeResultsDirectory="19909cd4-ff1f-4549-a2b1-30ef4b0b7793">
      <Output>
        <ErrorInfo>
          <Message>OpenQA.Selenium.WebDriverException : unknown error: net::ERR_NAME_NOT_RESOLVED
  (Session info: chrome=145.0.7632.76)</Message>
          <StackTrace>   at OpenQA.Selenium.WebDriver.UnpackAndThrowOnError(Response errorResponse, String commandToExecute)
   at OpenQA.Selenium.WebDriver.Execute(String driverCommandToExecute, Dictionary`2 parameters)
   at OpenQA.Selenium.WebDriver.set_Url(String value)
   at OpenQA.Selenium.Navigator.GoToUrl(String url)
   at OrangeHrm.SeleniumNUnit.Pages.LoginPage.Open(String baseUrl) in /home/kavia/workspace/code-generation/orangehrm-320893/src/test/selenium-csharp-nunit/OrangeHrm.SeleniumNUnit/Pages/LoginPage.cs:line 31
   at OrangeHrm.SeleniumNUnit.Tests.SampleLoginNavigationTest.CanNavigateToLoginPage_WhenRealBrowserModeEnabled() in /home/kavia/workspace/code-generation/orangehrm-320893/src/test/selenium-csharp-nunit/OrangeHrm.SeleniumNUnit/Tests/SampleLoginNavigationTest.cs:line 17
   at System.RuntimeMethodHandle.InvokeMethod(Object target, Void** arguments, Signature sig, Boolean isConstructor)
   at System.Reflection.MethodBaseInvoker.InvokeWithNoArgs(Object obj, BindingFlags invokeAttr)
</StackTrace>
        </ErrorInfo>
      </Output>
    </UnitTestResult>
  </Results>
  <TestDefinitions>
    <UnitTest name="CanNavigateToLoginPage_WhenRealBrowserModeEnabled" storage="/home/kavia/workspace/code-generation/orangehrm-320893/src/test/selenium-csharp-nunit/orangehrm.seleniumnunit/bin/release/net8.0/orangehrm.seleniumnunit.dll" id="0fed87c1-de5a-6bff-1c81-09cfcb0960db">
      <Execution id="19909cd4-ff1f-4549-a2b1-30ef4b0b7793" />
      <TestMethod codeBase="/home/kavia/workspace/code-generation/orangehrm-320893/src/test/selenium-csharp-nunit/OrangeHrm.SeleniumNUnit/bin/Release/net8.0/OrangeHrm.SeleniumNUnit.dll" adapterTypeName="executor://nunit3testexecutor/" className="OrangeHrm.SeleniumNUnit.Tests.SampleLoginNavigationTest" name="CanNavigateToLoginPage_WhenRealBrowserModeEnabled" />
    </UnitTest>
  </TestDefinitions>
  <TestEntries>
    <TestEntry testId="0fed87c1-de5a-6bff-1c81-09cfcb0960db" executionId="19909cd4-ff1f-4549-a2b1-30ef4b0b7793" testListId="8c84fa94-04c1-424b-9868-57a2d4851a1d" />
  </TestEntries>
  <TestLists>
    <TestList name="Results Not in a List" id="8c84fa94-04c1-424b-9868-57a2d4851a1d" />
    <TestList name="All Loaded Results" id="19431567-8539-422a-85d7-44ee4e166bda" />
  </TestLists>
  <ResultSummary outcome="Failed">
    <Counters total="1" executed="1" passed="0" failed="1" error="0" timeout="0" aborted="0" inconclusive="0" passedButRunAborted="0" notRunnable="0" notExecuted="0" disconnected="0" warning="0" completed="0" inProgress="0" pending="0" />
    <Output>
      <StdOut>NUnit Adapter 4.5.0.0: Test execution started
Running all tests in /home/kavia/workspace/code-generation/orangehrm-320893/src/test/selenium-csharp-nunit/OrangeHrm.SeleniumNUnit/bin/Release/net8.0/OrangeHrm.SeleniumNUnit.dll
   NUnit3TestExecutor discovered 1 of 1 NUnit test cases using Current Discovery mode, Non-Explicit run
NUnit Adapter 4.5.0.0: Test execution complete
</StdOut>
    </Output>
  </ResultSummary>
</TestRun>