<?xml version="1.0" encoding="utf-8"?>
<TestRun id="91a3976c-d968-4938-9e4d-d56db2821854" name="@556873b5300c 2026-02-16 18:07:05" xmlns="http://microsoft.com/schemas/VisualStudio/TeamTest/2010">
  <Times creation="2026-02-16T18:07:05.0424447+00:00" queuing="2026-02-16T18:07:05.0424448+00:00" start="2026-02-16T18:07:04.2378266+00:00" finish="2026-02-16T18:07:05.0513077+00:00" />
  <TestSettings name="default" id="6142de4b-e57b-4140-994a-94497d77e8b9">
    <Deployment runDeploymentRoot="_556873b5300c_2026-02-16_18_07_05" />
  </TestSettings>
  <Results>
    <UnitTestResult executionId="2debdcd9-5ae5-42f6-b452-8a7966e5965b" testId="11190cbe-9dd5-21ed-f84d-2afba6768630" testName="CanNavigateToLoginPage" computerName="556873b5300c" duration="00:00:00.0091770" startTime="2026-02-16T18:07:04.8618384+00:00" endTime="2026-02-16T18:07:04.8710155+00:00" testType="13cdc9d9-ddb5-4fa4-a97d-d965ccfc6d4b" outcome="Failed" testListId="8c84fa94-04c1-424b-9868-57a2d4851a1d" relativeResultsDirectory="2debdcd9-5ae5-42f6-b452-8a7966e5965b">
      <Output>
        <ErrorInfo>
          <Message>OneTimeSetUp: TearDownAttribute attribute not allowed in a SetUpFixture</Message>
          <StackTrace>
</StackTrace>
        </ErrorInfo>
      </Output>
    </UnitTestResult>
  </Results>
  <TestDefinitions>
    <UnitTest name="CanNavigateToLoginPage" storage="/home/kavia/workspace/code-generation/orangehrm-320893/src/test/selenium-csharp-nunit/orangehrm.seleniumnunit/bin/debug/net8.0/orangehrm.seleniumnunit.dll" id="11190cbe-9dd5-21ed-f84d-2afba6768630">
      <Execution id="2debdcd9-5ae5-42f6-b452-8a7966e5965b" />
      <TestMethod codeBase="/home/kavia/workspace/code-generation/orangehrm-320893/src/test/selenium-csharp-nunit/OrangeHrm.SeleniumNUnit/bin/Debug/net8.0/OrangeHrm.SeleniumNUnit.dll" adapterTypeName="executor://nunit3testexecutor/" className="OrangeHrm.SeleniumNUnit.Tests.SampleLoginNavigationTest" name="CanNavigateToLoginPage" />
    </UnitTest>
  </TestDefinitions>
  <TestEntries>
    <TestEntry testId="11190cbe-9dd5-21ed-f84d-2afba6768630" executionId="2debdcd9-5ae5-42f6-b452-8a7966e5965b" testListId="8c84fa94-04c1-424b-9868-57a2d4851a1d" />
  </TestEntries>
  <TestLists>
    <TestList name="Results Not in a List" id="8c84fa94-04c1-424b-9868-57a2d4851a1d" />
    <TestList name="All Loaded Results" id="19431567-8539-422a-85d7-44ee4e166bda" />
  </TestLists>
  <ResultSummary outcome="Failed">
    <Counters total="1" executed="1" passed="0" failed="1" error="0" timeout="0" aborted="0" inconclusive="0" passedButRunAborted="0" notRunnable="0" notExecuted="0" disconnected="0" warning="0" completed="0" inProgress="0" pending="0" />
    <Output>
      <StdOut>NUnit Adapter 4.5.0.0: Test execution started
Running all tests in /home/kavia/workspace/code-generation/orangehrm-320893/src/test/selenium-csharp-nunit/OrangeHrm.SeleniumNUnit/bin/Debug/net8.0/OrangeHrm.SeleniumNUnit.dll
   NUnit3TestExecutor discovered 1 of 1 NUnit test cases using Current Discovery mode, Non-Explicit run
NUnit Adapter 4.5.0.0: Test execution complete
</StdOut>
    </Output>
    <RunInfos>
      <RunInfo computerName="556873b5300c" outcome="Warning" timestamp="2026-02-16T18:07:04.8978133+00:00">
        <Text>Setup failed for test fixture OrangeHrm.SeleniumNUnit.Tests.AllureSetup</Text>
      </RunInfo>
      <RunInfo computerName="556873b5300c" outcome="Warning" timestamp="2026-02-16T18:07:04.8997041+00:00">
        <Text>TearDownAttribute attribute not allowed in a SetUpFixture</Text>
      </RunInfo>
    </RunInfos>
  </ResultSummary>
</TestRun>