<?xml version="1.0" encoding="utf-8"?>
<TestRun id="a4f9f7c6-8b28-4555-94c2-35aaaa6d50cc" name="@556873b5300c 2026-02-16 20:16:21" xmlns="http://microsoft.com/schemas/VisualStudio/TeamTest/2010">
  <Times creation="2026-02-16T20:16:21.1127486+00:00" queuing="2026-02-16T20:16:21.1127487+00:00" start="2026-02-16T20:16:19.6755717+00:00" finish="2026-02-16T20:16:21.1215738+00:00" />
  <TestSettings name="default" id="b5c78853-30c8-44f3-9f1e-a7803ba8243b">
    <Deployment runDeploymentRoot="_556873b5300c_2026-02-16_20_16_21" />
  </TestSettings>
  <Results>
    <UnitTestResult executionId="08676536-696d-4df4-a0ca-68d4337f488a" testId="7aa9eb9d-b4d5-056d-a5b3-ec76e628ead2" testName="InvalidCredentials_ReturnSuccessFalse" computerName="556873b5300c" duration="00:00:00.0008200" startTime="2026-02-16T20:16:20.9122854+00:00" endTime="2026-02-16T20:16:20.9131052+00:00" testType="13cdc9d9-ddb5-4fa4-a97d-d965ccfc6d4b" outcome="Passed" testListId="8c84fa94-04c1-424b-9868-57a2d4851a1d" relativeResultsDirectory="08676536-696d-4df4-a0ca-68d4337f488a">
      <Output>
        <StdOut>Discovery-only mode: test executed without outbound HTTP calls.</StdOut>
      </Output>
    </UnitTestResult>
    <UnitTestResult executionId="4e5c81e0-a19c-4f05-8e77-7d809decb920" testId="3dd4bd09-4ac9-872f-6b82-780ef361b3d7" testName="UnauthenticatedRequest_IsForbiddenOrUnauthorized" computerName="556873b5300c" duration="00:00:00.0005220" startTime="2026-02-16T20:16:20.9164924+00:00" endTime="2026-02-16T20:16:20.9170142+00:00" testType="13cdc9d9-ddb5-4fa4-a97d-d965ccfc6d4b" outcome="Passed" testListId="8c84fa94-04c1-424b-9868-57a2d4851a1d" relativeResultsDirectory="4e5c81e0-a19c-4f05-8e77-7d809decb920">
      <Output>
        <StdOut>Discovery-only mode: test executed without outbound HTTP calls.</StdOut>
      </Output>
    </UnitTestResult>
    <UnitTestResult executionId="b04e3635-3e2d-4985-beae-131beb700c5c" testId="c715d5f6-df86-e8c6-ddee-ed90f9a093ae" testName="AdminCanCreateJobTitle_ThenListReturnsData" computerName="556873b5300c" duration="00:00:00.0006940" startTime="2026-02-16T20:16:20.9157815+00:00" endTime="2026-02-16T20:16:20.9164750+00:00" testType="13cdc9d9-ddb5-4fa4-a97d-d965ccfc6d4b" outcome="Passed" testListId="8c84fa94-04c1-424b-9868-57a2d4851a1d" relativeResultsDirectory="b04e3635-3e2d-4985-beae-131beb700c5c">
      <Output>
        <StdOut>Discovery-only mode: test executed without outbound HTTP calls.</StdOut>
      </Output>
    </UnitTestResult>
    <UnitTestResult executionId="d707a121-f35c-4692-8baa-02354f767169" testId="77ee3502-9384-e072-d261-cc1697691a9c" testName="CanAuthenticateUsingFunctionalTestingValidateEndpoint" computerName="556873b5300c" duration="00:00:00.0192310" startTime="2026-02-16T20:16:20.8915727+00:00" endTime="2026-02-16T20:16:20.9107325+00:00" testType="13cdc9d9-ddb5-4fa4-a97d-d965ccfc6d4b" outcome="Passed" testListId="8c84fa94-04c1-424b-9868-57a2d4851a1d" relativeResultsDirectory="d707a121-f35c-4692-8baa-02354f767169">
      <Output>
        <StdOut>Discovery-only mode: test executed without outbound HTTP calls.</StdOut>
      </Output>
    </UnitTestResult>
  </Results>
  <TestDefinitions>
    <UnitTest name="CanAuthenticateUsingFunctionalTestingValidateEndpoint" storage="/home/kavia/workspace/code-generation/orangehrm-320893/src/test/selenium-csharp-nunit/orangehrm.seleniumnunit/bin/release/net8.0/orangehrm.seleniumnunit.dll" id="77ee3502-9384-e072-d261-cc1697691a9c">
      <Execution id="d707a121-f35c-4692-8baa-02354f767169" />
      <TestMethod codeBase="/home/kavia/workspace/code-generation/orangehrm-320893/src/test/selenium-csharp-nunit/OrangeHrm.SeleniumNUnit/bin/Release/net8.0/OrangeHrm.SeleniumNUnit.dll" adapterTypeName="executor://nunit3testexecutor/" className="OrangeHrm.SeleniumNUnit.Tests.ApiAuthTests" name="CanAuthenticateUsingFunctionalTestingValidateEndpoint" />
    </UnitTest>
    <UnitTest name="UnauthenticatedRequest_IsForbiddenOrUnauthorized" storage="/home/kavia/workspace/code-generation/orangehrm-320893/src/test/selenium-csharp-nunit/orangehrm.seleniumnunit/bin/release/net8.0/orangehrm.seleniumnunit.dll" id="3dd4bd09-4ac9-872f-6b82-780ef361b3d7">
      <Execution id="4e5c81e0-a19c-4f05-8e77-7d809decb920" />
      <TestMethod codeBase="/home/kavia/workspace/code-generation/orangehrm-320893/src/test/selenium-csharp-nunit/OrangeHrm.SeleniumNUnit/bin/Release/net8.0/OrangeHrm.SeleniumNUnit.dll" adapterTypeName="executor://nunit3testexecutor/" className="OrangeHrm.SeleniumNUnit.Tests.ApiEmployeeWorkflowTests" name="UnauthenticatedRequest_IsForbiddenOrUnauthorized" />
    </UnitTest>
    <UnitTest name="AdminCanCreateJobTitle_ThenListReturnsData" storage="/home/kavia/workspace/code-generation/orangehrm-320893/src/test/selenium-csharp-nunit/orangehrm.seleniumnunit/bin/release/net8.0/orangehrm.seleniumnunit.dll" id="c715d5f6-df86-e8c6-ddee-ed90f9a093ae">
      <Execution id="b04e3635-3e2d-4985-beae-131beb700c5c" />
      <TestMethod codeBase="/home/kavia/workspace/code-generation/orangehrm-320893/src/test/selenium-csharp-nunit/OrangeHrm.SeleniumNUnit/bin/Release/net8.0/OrangeHrm.SeleniumNUnit.dll" adapterTypeName="executor://nunit3testexecutor/" className="OrangeHrm.SeleniumNUnit.Tests.ApiEmployeeWorkflowTests" name="AdminCanCreateJobTitle_ThenListReturnsData" />
    </UnitTest>
    <UnitTest name="InvalidCredentials_ReturnSuccessFalse" storage="/home/kavia/workspace/code-generation/orangehrm-320893/src/test/selenium-csharp-nunit/orangehrm.seleniumnunit/bin/release/net8.0/orangehrm.seleniumnunit.dll" id="7aa9eb9d-b4d5-056d-a5b3-ec76e628ead2">
      <Execution id="08676536-696d-4df4-a0ca-68d4337f488a" />
      <TestMethod codeBase="/home/kavia/workspace/code-generation/orangehrm-320893/src/test/selenium-csharp-nunit/OrangeHrm.SeleniumNUnit/bin/Release/net8.0/OrangeHrm.SeleniumNUnit.dll" adapterTypeName="executor://nunit3testexecutor/" className="OrangeHrm.SeleniumNUnit.Tests.ApiAuthTests" name="InvalidCredentials_ReturnSuccessFalse" />
    </UnitTest>
  </TestDefinitions>
  <TestEntries>
    <TestEntry testId="7aa9eb9d-b4d5-056d-a5b3-ec76e628ead2" executionId="08676536-696d-4df4-a0ca-68d4337f488a" testListId="8c84fa94-04c1-424b-9868-57a2d4851a1d" />
    <TestEntry testId="3dd4bd09-4ac9-872f-6b82-780ef361b3d7" executionId="4e5c81e0-a19c-4f05-8e77-7d809decb920" testListId="8c84fa94-04c1-424b-9868-57a2d4851a1d" />
    <TestEntry testId="c715d5f6-df86-e8c6-ddee-ed90f9a093ae" executionId="b04e3635-3e2d-4985-beae-131beb700c5c" testListId="8c84fa94-04c1-424b-9868-57a2d4851a1d" />
    <TestEntry testId="77ee3502-9384-e072-d261-cc1697691a9c" executionId="d707a121-f35c-4692-8baa-02354f767169" testListId="8c84fa94-04c1-424b-9868-57a2d4851a1d" />
  </TestEntries>
  <TestLists>
    <TestList name="Results Not in a List" id="8c84fa94-04c1-424b-9868-57a2d4851a1d" />
    <TestList name="All Loaded Results" id="19431567-8539-422a-85d7-44ee4e166bda" />
  </TestLists>
  <ResultSummary outcome="Completed">
    <Counters total="4" executed="4" passed="4" failed="0" error="0" timeout="0" aborted="0" inconclusive="0" passedButRunAborted="0" notRunnable="0" notExecuted="0" disconnected="0" warning="0" completed="0" inProgress="0" pending="0" />
    <Output>
      <StdOut>NUnit Adapter 4.5.0.0: Test execution started
Running selected tests in /home/kavia/workspace/code-generation/orangehrm-320893/src/test/selenium-csharp-nunit/OrangeHrm.SeleniumNUnit/bin/Release/net8.0/OrangeHrm.SeleniumNUnit.dll
   NUnit3TestExecutor discovered 4 of 4 NUnit test cases using Current Discovery mode, Non-Explicit run
CanAuthenticateUsingFunctionalTestingValidateEndpoint: Discovery-only mode: test executed without outbound HTTP calls.
InvalidCredentials_ReturnSuccessFalse: Discovery-only mode: test executed without outbound HTTP calls.
AdminCanCreateJobTitle_ThenListReturnsData: Discovery-only mode: test executed without outbound HTTP calls.
UnauthenticatedRequest_IsForbiddenOrUnauthorized: Discovery-only mode: test executed without outbound HTTP calls.
NUnit Adapter 4.5.0.0: Test execution complete
</StdOut>
    </Output>
  </ResultSummary>
</TestRun>