<?xml version="1.0" encoding="utf-8"?>
<TestRun id="fd49f6c5-b7b6-4673-a81c-ba94bfc291ae" name="@c45d2a6ac7a5 2026-02-14 21:21:45" xmlns="http://microsoft.com/schemas/VisualStudio/TeamTest/2010">
  <Times creation="2026-02-14T21:21:45.0449486+00:00" queuing="2026-02-14T21:21:45.0449486+00:00" start="2026-02-14T21:21:39.7249476+00:00" finish="2026-02-14T21:21:45.0570876+00:00" />
  <TestSettings name="default" id="ce6966e3-abd8-4a61-9c2f-5f943408a18e">
    <Deployment runDeploymentRoot="_c45d2a6ac7a5_2026-02-14_21_21_45" />
  </TestSettings>
  <Results>
    <UnitTestResult executionId="6a0e5da6-81ca-4c95-b2e2-dbf339f0965e" testId="96e9b205-5d40-d931-2665-91a719e43c82" testName="AdminCanLogInSuccessfully" computerName="c45d2a6ac7a5" duration="00:00:04.2986410" startTime="2026-02-14T21:21:40.6246992+00:00" endTime="2026-02-14T21:21:44.9232107+00:00" testType="13cdc9d9-ddb5-4fa4-a97d-d965ccfc6d4b" outcome="Passed" testListId="8c84fa94-04c1-424b-9868-57a2d4851a1d" relativeResultsDirectory="6a0e5da6-81ca-4c95-b2e2-dbf339f0965e">
      <Output>
        <StdOut>[C#][Hooks] Starting scenario: Admin can log in successfully
[DriverFactory] Browser launched: chrome (headless=true)
[DriverFactory] ChromeOptions: --headless=new --no-sandbox --disable-dev-shm-usage --disable-gpu --window-size=1920,1080
Given the user is on the OrangeHRM login page
-&gt; done: CommonSteps.GivenUserIsOnLoginPage() (1.4s)
When the user logs in as Admin
-&gt; done: CommonSteps.WhenUserLogsInAsAdmin() (0.8s)
Then login should succeed and Dashboard should be visible
-&gt; done: CommonSteps.ThenDashboardShouldBeVisible() (1.7s)
[C#][Hooks] Scenario passed: Admin can log in successfully</StdOut>
      </Output>
    </UnitTestResult>
  </Results>
  <TestDefinitions>
    <UnitTest name="AdminCanLogInSuccessfully" storage="/home/kavia/workspace/code-generation/orangehrm-320893/ui-automation-csharp/orangehrm.uitests/bin/debug/net8.0/orangehrm.uitests.dll" id="96e9b205-5d40-d931-2665-91a719e43c82">
      <Execution id="6a0e5da6-81ca-4c95-b2e2-dbf339f0965e" />
      <TestMethod codeBase="/home/kavia/workspace/code-generation/orangehrm-320893/ui-automation-csharp/OrangeHrm.UiTests/bin/Debug/net8.0/OrangeHrm.UiTests.dll" adapterTypeName="executor://nunit3testexecutor/" className="OrangeHrm.UiTests.Features.Demo_LoginHeadlessFeature" name="AdminCanLogInSuccessfully" />
    </UnitTest>
  </TestDefinitions>
  <TestEntries>
    <TestEntry testId="96e9b205-5d40-d931-2665-91a719e43c82" executionId="6a0e5da6-81ca-4c95-b2e2-dbf339f0965e" testListId="8c84fa94-04c1-424b-9868-57a2d4851a1d" />
  </TestEntries>
  <TestLists>
    <TestList name="Results Not in a List" id="8c84fa94-04c1-424b-9868-57a2d4851a1d" />
    <TestList name="All Loaded Results" id="19431567-8539-422a-85d7-44ee4e166bda" />
  </TestLists>
  <ResultSummary outcome="Completed">
    <Counters total="1" executed="1" passed="1" failed="0" error="0" timeout="0" aborted="0" inconclusive="0" passedButRunAborted="0" notRunnable="0" notExecuted="0" disconnected="0" warning="0" completed="0" inProgress="0" pending="0" />
    <Output>
      <StdOut>Logging TestHost Diagnostics in file: /home/kavia/workspace/code-generation/orangehrm-320893/test-artifacts/console-logs/csharp-demo-20260214-212136.diag.host.26-02-14_21-21-39_75375_5.log
NUnit Adapter 4.5.0.0: Test execution started
Running selected tests in /home/kavia/workspace/code-generation/orangehrm-320893/ui-automation-csharp/OrangeHrm.UiTests/bin/Debug/net8.0/OrangeHrm.UiTests.dll
   NUnit3TestExecutor discovered 1 of 1 NUnit test cases using Current Discovery mode, Non-Explicit run
NUnit Adapter 4.5.0.0: Test execution complete
</StdOut>
    </Output>
    <RunInfos>
      <RunInfo computerName="c45d2a6ac7a5" outcome="Warning" timestamp="2026-02-14T21:21:44.9456090+00:00">
        <Text>[C#][Hooks] Starting scenario: Admin can log in successfully
[DriverFactory] Browser launched: chrome (headless=true)
[DriverFactory] ChromeOptions: --headless=new --no-sandbox --disable-dev-shm-usage --disable-gpu --window-size=1920,1080
Given the user is on the OrangeHRM login page
-&gt; done: CommonSteps.GivenUserIsOnLoginPage() (1.4s)
When the user logs in as Admin
-&gt; done: CommonSteps.WhenUserLogsInAsAdmin() (0.8s)
Then login should succeed and Dashboard should be visible
-&gt; done: CommonSteps.ThenDashboardShouldBeVisible() (1.7s)
[C#][Hooks] Scenario passed: Admin can log in successfully
</Text>
      </RunInfo>
    </RunInfos>
  </ResultSummary>
</TestRun>