<?xml version="1.0" encoding="utf-8"?>
<TestRun id="9297ddf5-ff12-4cb4-872e-4b67d22b5234" name="@fdcf8c6c6ef8 2026-02-15 18:40:43" xmlns="http://microsoft.com/schemas/VisualStudio/TeamTest/2010">
  <Times creation="2026-02-15T18:40:43.8765753+00:00" queuing="2026-02-15T18:40:43.8765753+00:00" start="2026-02-15T18:40:40.4015771+00:00" finish="2026-02-15T18:40:45.8879982+00:00" />
  <TestSettings name="default" id="12a377b3-680e-4693-80c7-19506283f2bc">
    <Deployment runDeploymentRoot="_fdcf8c6c6ef8_2026-02-15_18_40_43" />
  </TestSettings>
  <Results>
    <UnitTestResult executionId="d7ab4a52-d806-489b-afc7-a013f6aac294" testId="8de19c05-302d-de82-f790-3b6e3378cf47" testName="Unauthenticated_Request_Should_Be_Rejected" computerName="fdcf8c6c6ef8" duration="00:00:00.2089720" startTime="2026-02-15T18:40:42.3090205+00:00" endTime="2026-02-15T18:40:42.5179920+00:00" testType="13cdc9d9-ddb5-4fa4-a97d-d965ccfc6d4b" outcome="Failed" testListId="8c84fa94-04c1-424b-9868-57a2d4851a1d" relativeResultsDirectory="d7ab4a52-d806-489b-afc7-a013f6aac294">
      <Output>
        <ErrorInfo>
          <Message>  Expected: any of &lt; Unauthorized, Forbidden &gt;
  But was:  NotFound
</Message>
          <StackTrace>   at OrangeHrm.ApiTests.Tests.AuthFlowTests.Unauthenticated_Request_Should_Be_Rejected() in /home/kavia/workspace/code-generation/orangehrm-320893/api-automation-csharp/OrangeHrm.ApiTests/Tests/AuthFlowTests.cs:line 18
   at NUnit.Framework.Internal.TaskAwaitAdapter.GenericAdapter`1.BlockUntilCompleted()
   at NUnit.Framework.Internal.MessagePumpStrategy.NoMessagePumpStrategy.WaitForCompletion(AwaitAdapter awaiter)
   at NUnit.Framework.Internal.AsyncToSyncAdapter.Await(Func`1 invoke)
   at NUnit.Framework.Internal.Commands.TestMethodCommand.RunTestMethod(TestExecutionContext context)
   at NUnit.Framework.Internal.Commands.TestMethodCommand.Execute(TestExecutionContext context)
   at NUnit.Framework.Internal.Execution.SimpleWorkItem.&lt;&gt;c__DisplayClass4_0.&lt;PerformWork&gt;b__0()
   at NUnit.Framework.Internal.ContextUtils.&lt;&gt;c__DisplayClass1_0`1.&lt;DoIsolated&gt;b__0(Object _)

1)    at OrangeHrm.ApiTests.Tests.AuthFlowTests.Unauthenticated_Request_Should_Be_Rejected() in /home/kavia/workspace/code-generation/orangehrm-320893/api-automation-csharp/OrangeHrm.ApiTests/Tests/AuthFlowTests.cs:line 18
   at System.Runtime.CompilerServices.AsyncTaskMethodBuilder`1.AsyncStateMachineBox`1.ExecutionContextCallback(Object s)

</StackTrace>
        </ErrorInfo>
      </Output>
    </UnitTestResult>
    <UnitTestResult executionId="8041fbf8-3b48-45e4-9a79-d69bf88d31ea" testId="c46b3a8a-8191-8d25-4a20-4487db61b3e6" testName="Delete_With_Empty_Ids_Should_Be_Rejected" computerName="fdcf8c6c6ef8" duration="00:00:01.1710870" startTime="2026-02-15T18:40:43.7549887+00:00" endTime="2026-02-15T18:40:44.9260745+00:00" testType="13cdc9d9-ddb5-4fa4-a97d-d965ccfc6d4b" outcome="Failed" testListId="8c84fa94-04c1-424b-9868-57a2d4851a1d" relativeResultsDirectory="8041fbf8-3b48-45e4-9a79-d69bf88d31ea">
      <Output>
        <ErrorInfo>
          <Message>  Expected: any of &lt; BadRequest, UnprocessableEntity &gt;
  But was:  MethodNotAllowed
</Message>
          <StackTrace>   at OrangeHrm.ApiTests.Tests.EmployeeWorkflowTests.Delete_With_Empty_Ids_Should_Be_Rejected() in /home/kavia/workspace/code-generation/orangehrm-320893/api-automation-csharp/OrangeHrm.ApiTests/Tests/EmployeeWorkflowTests.cs:line 84
   at NUnit.Framework.Internal.TaskAwaitAdapter.GenericAdapter`1.BlockUntilCompleted()
   at NUnit.Framework.Internal.MessagePumpStrategy.NoMessagePumpStrategy.WaitForCompletion(AwaitAdapter awaiter)
   at NUnit.Framework.Internal.AsyncToSyncAdapter.Await(Func`1 invoke)
   at NUnit.Framework.Internal.Commands.TestMethodCommand.RunTestMethod(TestExecutionContext context)
   at NUnit.Framework.Internal.Commands.TestMethodCommand.Execute(TestExecutionContext context)
   at NUnit.Framework.Internal.Execution.SimpleWorkItem.&lt;&gt;c__DisplayClass4_0.&lt;PerformWork&gt;b__0()
   at NUnit.Framework.Internal.ContextUtils.&lt;&gt;c__DisplayClass1_0`1.&lt;DoIsolated&gt;b__0(Object _)

1)    at OrangeHrm.ApiTests.Tests.EmployeeWorkflowTests.Delete_With_Empty_Ids_Should_Be_Rejected() in /home/kavia/workspace/code-generation/orangehrm-320893/api-automation-csharp/OrangeHrm.ApiTests/Tests/EmployeeWorkflowTests.cs:line 84
   at System.Runtime.CompilerServices.AsyncTaskMethodBuilder`1.AsyncStateMachineBox`1.ExecutionContextCallback(Object s)

</StackTrace>
        </ErrorInfo>
      </Output>
    </UnitTestResult>
    <UnitTestResult executionId="e91d7c4d-8a64-4694-a36c-b228c5c141e4" testId="863d0b63-9601-983d-90e6-c14e60b5fc44" testName="Admin_Login_Should_Allow_Access" computerName="fdcf8c6c6ef8" duration="00:00:01.2154630" startTime="2026-02-15T18:40:41.0915931+00:00" endTime="2026-02-15T18:40:42.3068920+00:00" testType="13cdc9d9-ddb5-4fa4-a97d-d965ccfc6d4b" outcome="Failed" testListId="8c84fa94-04c1-424b-9868-57a2d4851a1d" relativeResultsDirectory="e91d7c4d-8a64-4694-a36c-b228c5c141e4">
      <Output>
        <ErrorInfo>
          <Message>  Expected: OK
  But was:  NotFound
</Message>
          <StackTrace>   at OrangeHrm.ApiTests.Tests.AuthFlowTests.Admin_Login_Should_Allow_Access() in /home/kavia/workspace/code-generation/orangehrm-320893/api-automation-csharp/OrangeHrm.ApiTests/Tests/AuthFlowTests.cs:line 30
   at NUnit.Framework.Internal.TaskAwaitAdapter.GenericAdapter`1.BlockUntilCompleted()
   at NUnit.Framework.Internal.MessagePumpStrategy.NoMessagePumpStrategy.WaitForCompletion(AwaitAdapter awaiter)
   at NUnit.Framework.Internal.AsyncToSyncAdapter.Await(Func`1 invoke)
   at NUnit.Framework.Internal.Commands.TestMethodCommand.RunTestMethod(TestExecutionContext context)
   at NUnit.Framework.Internal.Commands.TestMethodCommand.Execute(TestExecutionContext context)
   at NUnit.Framework.Internal.Execution.SimpleWorkItem.&lt;&gt;c__DisplayClass4_0.&lt;PerformWork&gt;b__0()
   at NUnit.Framework.Internal.ContextUtils.&lt;&gt;c__DisplayClass1_0`1.&lt;DoIsolated&gt;b__0(Object _)

1)    at OrangeHrm.ApiTests.Tests.AuthFlowTests.Admin_Login_Should_Allow_Access() in /home/kavia/workspace/code-generation/orangehrm-320893/api-automation-csharp/OrangeHrm.ApiTests/Tests/AuthFlowTests.cs:line 30
   at System.Runtime.CompilerServices.AsyncTaskMethodBuilder`1.AsyncStateMachineBox`1.ExecutionContextCallback(Object s)

</StackTrace>
        </ErrorInfo>
      </Output>
    </UnitTestResult>
    <UnitTestResult executionId="2c4edda1-8e39-4263-a467-3e8f0012510d" testId="5c426dd4-9f2c-8a5b-1bae-cd3ff2695abc" testName="Pagination_Should_Return_At_Most_Limit_Items" computerName="fdcf8c6c6ef8" duration="00:00:00.8849930" startTime="2026-02-15T18:40:44.9261297+00:00" endTime="2026-02-15T18:40:45.8111224+00:00" testType="13cdc9d9-ddb5-4fa4-a97d-d965ccfc6d4b" outcome="Failed" testListId="8c84fa94-04c1-424b-9868-57a2d4851a1d" relativeResultsDirectory="2c4edda1-8e39-4263-a467-3e8f0012510d">
      <Output>
        <ErrorInfo>
          <Message>  Expected: OK
  But was:  NotFound
</Message>
          <StackTrace>   at OrangeHrm.ApiTests.Tests.EmployeeWorkflowTests.Pagination_Should_Return_At_Most_Limit_Items() in /home/kavia/workspace/code-generation/orangehrm-320893/api-automation-csharp/OrangeHrm.ApiTests/Tests/EmployeeWorkflowTests.cs:line 64
   at NUnit.Framework.Internal.TaskAwaitAdapter.GenericAdapter`1.BlockUntilCompleted()
   at NUnit.Framework.Internal.MessagePumpStrategy.NoMessagePumpStrategy.WaitForCompletion(AwaitAdapter awaiter)
   at NUnit.Framework.Internal.AsyncToSyncAdapter.Await(Func`1 invoke)
   at NUnit.Framework.Internal.Commands.TestMethodCommand.RunTestMethod(TestExecutionContext context)
   at NUnit.Framework.Internal.Commands.TestMethodCommand.Execute(TestExecutionContext context)
   at NUnit.Framework.Internal.Execution.SimpleWorkItem.&lt;&gt;c__DisplayClass4_0.&lt;PerformWork&gt;b__0()
   at NUnit.Framework.Internal.ContextUtils.&lt;&gt;c__DisplayClass1_0`1.&lt;DoIsolated&gt;b__0(Object _)

1)    at OrangeHrm.ApiTests.Tests.EmployeeWorkflowTests.Pagination_Should_Return_At_Most_Limit_Items() in /home/kavia/workspace/code-generation/orangehrm-320893/api-automation-csharp/OrangeHrm.ApiTests/Tests/EmployeeWorkflowTests.cs:line 64
   at System.Runtime.CompilerServices.AsyncTaskMethodBuilder`1.AsyncStateMachineBox`1.ExecutionContextCallback(Object s)

</StackTrace>
        </ErrorInfo>
      </Output>
    </UnitTestResult>
    <UnitTestResult executionId="41259895-23eb-422d-bd91-59a053fbad7e" testId="c46ef33e-887a-46f7-295c-65cfcc21afa7" testName="Create_And_Delete_JobTitle_Workflow_Should_Succeed" computerName="fdcf8c6c6ef8" duration="00:00:01.2338410" startTime="2026-02-15T18:40:42.5210730+00:00" endTime="2026-02-15T18:40:43.7549134+00:00" testType="13cdc9d9-ddb5-4fa4-a97d-d965ccfc6d4b" outcome="Failed" testListId="8c84fa94-04c1-424b-9868-57a2d4851a1d" relativeResultsDirectory="41259895-23eb-422d-bd91-59a053fbad7e">
      <Output>
        <ErrorInfo>
          <Message>  Expected: OK
  But was:  NotFound
</Message>
          <StackTrace>   at OrangeHrm.ApiTests.Tests.EmployeeWorkflowTests.Create_And_Delete_JobTitle_Workflow_Should_Succeed() in /home/kavia/workspace/code-generation/orangehrm-320893/api-automation-csharp/OrangeHrm.ApiTests/Tests/EmployeeWorkflowTests.cs:line 33
   at NUnit.Framework.Internal.TaskAwaitAdapter.GenericAdapter`1.BlockUntilCompleted()
   at NUnit.Framework.Internal.MessagePumpStrategy.NoMessagePumpStrategy.WaitForCompletion(AwaitAdapter awaiter)
   at NUnit.Framework.Internal.AsyncToSyncAdapter.Await(Func`1 invoke)
   at NUnit.Framework.Internal.Commands.TestMethodCommand.RunTestMethod(TestExecutionContext context)
   at NUnit.Framework.Internal.Commands.TestMethodCommand.Execute(TestExecutionContext context)
   at NUnit.Framework.Internal.Execution.SimpleWorkItem.&lt;&gt;c__DisplayClass4_0.&lt;PerformWork&gt;b__0()
   at NUnit.Framework.Internal.ContextUtils.&lt;&gt;c__DisplayClass1_0`1.&lt;DoIsolated&gt;b__0(Object _)

1)    at OrangeHrm.ApiTests.Tests.EmployeeWorkflowTests.Create_And_Delete_JobTitle_Workflow_Should_Succeed() in /home/kavia/workspace/code-generation/orangehrm-320893/api-automation-csharp/OrangeHrm.ApiTests/Tests/EmployeeWorkflowTests.cs:line 33
   at System.Runtime.CompilerServices.AsyncTaskMethodBuilder`1.AsyncStateMachineBox`1.ExecutionContextCallback(Object s)

</StackTrace>
        </ErrorInfo>
      </Output>
    </UnitTestResult>
  </Results>
  <TestDefinitions>
    <UnitTest name="Delete_With_Empty_Ids_Should_Be_Rejected" storage="/home/kavia/workspace/code-generation/orangehrm-320893/api-automation-csharp/orangehrm.apitests/bin/release/net8.0/orangehrm.apitests.dll" id="c46b3a8a-8191-8d25-4a20-4487db61b3e6">
      <Execution id="8041fbf8-3b48-45e4-9a79-d69bf88d31ea" />
      <TestMethod codeBase="/home/kavia/workspace/code-generation/orangehrm-320893/api-automation-csharp/OrangeHrm.ApiTests/bin/Release/net8.0/OrangeHrm.ApiTests.dll" adapterTypeName="executor://nunit3testexecutor/" className="OrangeHrm.ApiTests.Tests.EmployeeWorkflowTests" name="Delete_With_Empty_Ids_Should_Be_Rejected" />
    </UnitTest>
    <UnitTest name="Create_And_Delete_JobTitle_Workflow_Should_Succeed" storage="/home/kavia/workspace/code-generation/orangehrm-320893/api-automation-csharp/orangehrm.apitests/bin/release/net8.0/orangehrm.apitests.dll" id="c46ef33e-887a-46f7-295c-65cfcc21afa7">
      <Execution id="41259895-23eb-422d-bd91-59a053fbad7e" />
      <TestMethod codeBase="/home/kavia/workspace/code-generation/orangehrm-320893/api-automation-csharp/OrangeHrm.ApiTests/bin/Release/net8.0/OrangeHrm.ApiTests.dll" adapterTypeName="executor://nunit3testexecutor/" className="OrangeHrm.ApiTests.Tests.EmployeeWorkflowTests" name="Create_And_Delete_JobTitle_Workflow_Should_Succeed" />
    </UnitTest>
    <UnitTest name="Admin_Login_Should_Allow_Access" storage="/home/kavia/workspace/code-generation/orangehrm-320893/api-automation-csharp/orangehrm.apitests/bin/release/net8.0/orangehrm.apitests.dll" id="863d0b63-9601-983d-90e6-c14e60b5fc44">
      <Execution id="e91d7c4d-8a64-4694-a36c-b228c5c141e4" />
      <TestMethod codeBase="/home/kavia/workspace/code-generation/orangehrm-320893/api-automation-csharp/OrangeHrm.ApiTests/bin/Release/net8.0/OrangeHrm.ApiTests.dll" adapterTypeName="executor://nunit3testexecutor/" className="OrangeHrm.ApiTests.Tests.AuthFlowTests" name="Admin_Login_Should_Allow_Access" />
    </UnitTest>
    <UnitTest name="Unauthenticated_Request_Should_Be_Rejected" storage="/home/kavia/workspace/code-generation/orangehrm-320893/api-automation-csharp/orangehrm.apitests/bin/release/net8.0/orangehrm.apitests.dll" id="8de19c05-302d-de82-f790-3b6e3378cf47">
      <Execution id="d7ab4a52-d806-489b-afc7-a013f6aac294" />
      <TestMethod codeBase="/home/kavia/workspace/code-generation/orangehrm-320893/api-automation-csharp/OrangeHrm.ApiTests/bin/Release/net8.0/OrangeHrm.ApiTests.dll" adapterTypeName="executor://nunit3testexecutor/" className="OrangeHrm.ApiTests.Tests.AuthFlowTests" name="Unauthenticated_Request_Should_Be_Rejected" />
    </UnitTest>
    <UnitTest name="Pagination_Should_Return_At_Most_Limit_Items" storage="/home/kavia/workspace/code-generation/orangehrm-320893/api-automation-csharp/orangehrm.apitests/bin/release/net8.0/orangehrm.apitests.dll" id="5c426dd4-9f2c-8a5b-1bae-cd3ff2695abc">
      <Execution id="2c4edda1-8e39-4263-a467-3e8f0012510d" />
      <TestMethod codeBase="/home/kavia/workspace/code-generation/orangehrm-320893/api-automation-csharp/OrangeHrm.ApiTests/bin/Release/net8.0/OrangeHrm.ApiTests.dll" adapterTypeName="executor://nunit3testexecutor/" className="OrangeHrm.ApiTests.Tests.EmployeeWorkflowTests" name="Pagination_Should_Return_At_Most_Limit_Items" />
    </UnitTest>
  </TestDefinitions>
  <TestEntries>
    <TestEntry testId="8de19c05-302d-de82-f790-3b6e3378cf47" executionId="d7ab4a52-d806-489b-afc7-a013f6aac294" testListId="8c84fa94-04c1-424b-9868-57a2d4851a1d" />
    <TestEntry testId="c46b3a8a-8191-8d25-4a20-4487db61b3e6" executionId="8041fbf8-3b48-45e4-9a79-d69bf88d31ea" testListId="8c84fa94-04c1-424b-9868-57a2d4851a1d" />
    <TestEntry testId="863d0b63-9601-983d-90e6-c14e60b5fc44" executionId="e91d7c4d-8a64-4694-a36c-b228c5c141e4" testListId="8c84fa94-04c1-424b-9868-57a2d4851a1d" />
    <TestEntry testId="5c426dd4-9f2c-8a5b-1bae-cd3ff2695abc" executionId="2c4edda1-8e39-4263-a467-3e8f0012510d" testListId="8c84fa94-04c1-424b-9868-57a2d4851a1d" />
    <TestEntry testId="c46ef33e-887a-46f7-295c-65cfcc21afa7" executionId="41259895-23eb-422d-bd91-59a053fbad7e" testListId="8c84fa94-04c1-424b-9868-57a2d4851a1d" />
  </TestEntries>
  <TestLists>
    <TestList name="Results Not in a List" id="8c84fa94-04c1-424b-9868-57a2d4851a1d" />
    <TestList name="All Loaded Results" id="19431567-8539-422a-85d7-44ee4e166bda" />
  </TestLists>
  <ResultSummary outcome="Failed">
    <Counters total="5" executed="5" passed="0" failed="5" error="0" timeout="0" aborted="0" inconclusive="0" passedButRunAborted="0" notRunnable="0" notExecuted="0" disconnected="0" warning="0" completed="0" inProgress="0" pending="0" />
    <Output>
      <StdOut>NUnit Adapter 4.5.0.0: Test execution started
Running selected tests in /home/kavia/workspace/code-generation/orangehrm-320893/api-automation-csharp/OrangeHrm.ApiTests/bin/Release/net8.0/OrangeHrm.ApiTests.dll
   NUnit3TestExecutor discovered 5 of 5 NUnit test cases using Current Discovery mode, Non-Explicit run
NUnit Adapter 4.5.0.0: Test execution complete
</StdOut>
    </Output>
  </ResultSummary>
</TestRun>